<?xml version="1.0" encoding="UTF-8"?>
<testsuite xmlns:xsi="http://www.w3.org/2001/XMLSchema-instance" xsi:noNamespaceSchemaLocation="https://maven.apache.org/surefire/maven-surefire-plugin/xsd/surefire-test-report.xsd" version="3.0.2" name="com.kfpd.cloud.common.datasource.EncryptedDataSourceValuesTests" time="0.075" tests="3" errors="0" skipped="0" failures="0" flakes="0">
  <properties>
[...]
</properties>
  <testcase name="encryptsValueThatCanBeDecrypted" classname="com.kfpd.cloud.common.datasource.EncryptedDataSourceValuesTests" time="0.058"/>
  <testcase name="decryptsEncryptedValue" classname="com.kfpd.cloud.common.datasource.EncryptedDataSourceValuesTests" time="0.005"/>
  <testcase name="returnsPlainValueUnchanged" classname="com.kfpd.cloud.common.datasource.EncryptedDataSourceValuesTests" time="0.0"/>
</testsuite>